<?xml version="1.0" encoding="UTF-8"?>
<!-- Generated by org.testng.reporters.JUnitReportReporter -->
<testsuite hostname="Aishwarya_29" failures="0" tests="4" name="api.test.userTest" time="9.339" errors="0" timestamp="2025-09-24T12:03:58 IST" skipped="0">
  <testcase classname="api.test.userTest" name="testPostUser" time="3.041"/>
  <testcase classname="api.test.userTest" name="testgetuserbyname" time="1.662"/>
  <testcase classname="api.test.userTest" name="testUpdateuserbyname" time="3.124"/>
  <testcase classname="api.test.userTest" name="testdeleteuserbyusername" time="1.512"/>
</testsuite> <!-- api.test.userTest -->
